INFO     utilities.base_code:base_code.py:25 the base url is: https://petstore.swagger.io/v2/store/inventory
INFO     utilities.base_code:base_code.py:37 {'Connection': '"keep-alive"'}
INFO     utilities.base_code:base_code.py:48 The url is: https://petstore.swagger.io/v2/store/inventory, and the request content is: b'{"sold":9,"placed":1,"string":790,"pending":6,"available":191,"not available":1}'
INFO     utilities.base_code:base_code.py:102 The status code is: 200
INFO     utilities.base_code:base_code.py:25 the base url is: https://petstore.swagger.io/v2/store/order
INFO     utilities.base_code:base_code.py:43 The json content contains the following data: {'petId': 22, 'quantity': 12, 'shipDate': '2023-03-07T04:34:51.981Z', 'status': 'delivered', 'complete': True}
INFO     utilities.base_code:base_code.py:37 {'Connection': '"keep-alive"'}
INFO     utilities.base_code:base_code.py:68 The url is: https://petstore.swagger.io/v2/store/order, and the request content is: b'{"id":9223372016900013042,"petId":22,"quantity":12,"shipDate":"2023-03-07T04:34:51.981+0000","status":"delivered","complete":true}'
INFO     utilities.base_code:base_code.py:96 The saved value is: 9223372016900013042
INFO     utilities.base_code:base_code.py:102 The status code is: 200
INFO     utilities.base_code:base_code.py:96 The saved value is: 9223372016900013042
INFO     utilities.base_code:base_code.py:116 The value contains data: 9223372016900013042
INFO     utilities.base_code:base_code.py:110 The expected value is: 22, and got the value of: 22
INFO     utilities.base_code:base_code.py:110 The expected value is: 12, and got the value of: 12
INFO     utilities.base_code:base_code.py:25 the base url is: https://petstore.swagger.io/v2/store/order
INFO     utilities.base_code:base_code.py:37 {'Connection': '"keep-alive"'}
INFO     utilities.base_code:base_code.py:63 The url is: https://petstore.swagger.io/v2/store/order/9223372016900013042, and the request content is: b'{"id":9223372016900013042,"petId":22,"quantity":12,"shipDate":"2023-03-07T04:34:51.981+0000","status":"delivered","complete":true}'
INFO     utilities.base_code:base_code.py:102 The status code is: 200
INFO     utilities.base_code:base_code.py:96 The saved value is: 9223372016900013042
INFO     utilities.base_code:base_code.py:116 The value contains data: 9223372016900013042
INFO     utilities.base_code:base_code.py:25 the base url is: https://petstore.swagger.io/v2/store/order
INFO     utilities.base_code:base_code.py:37 {'Connection': '"keep-alive"'}
INFO     utilities.base_code:base_code.py:63 The url is: https://petstore.swagger.io/v2/store/order/9223372016900013042, and the request content is: b'{"code":200,"type":"unknown","message":"9223372016900013042"}'
INFO     utilities.base_code:base_code.py:102 The status code is: 200
INFO     utilities.base_code:base_code.py:25 the base url is: https://petstore.swagger.io/v2/store/order
INFO     utilities.base_code:base_code.py:37 {'Connection': '"keep-alive"'}
INFO     utilities.base_code:base_code.py:63 The url is: https://petstore.swagger.io/v2/store/order/9223372016900013042, and the request content is: b'{"code":1,"type":"error","message":"Order not found"}'
INFO     utilities.base_code:base_code.py:102 The status code is: 404
INFO     utilities.base_code:base_code.py:25 the base url is: https://petstore.swagger.io/v2/store/order
INFO     utilities.base_code:base_code.py:43 The json content contains the following data: {'petId': 22, 'quantity': 12, 'shipDate': '2023-03-07T04:34:51.981Z', 'status': 'delivered', 'complete': True}
INFO     utilities.base_code:base_code.py:85 The key is: $.petId, and the value is: 32
INFO     utilities.base_code:base_code.py:85 The key is: $.quantity, and the value is: 100
INFO     utilities.base_code:base_code.py:37 {'Connection': '"keep-alive"'}
INFO     utilities.base_code:base_code.py:68 The url is: https://petstore.swagger.io/v2/store/order, and the request content is: b'{"id":9223372016900013042,"petId":32,"quantity":100,"shipDate":"2023-03-07T04:34:51.981+0000","status":"delivered","complete":true}'
INFO     utilities.base_code:base_code.py:96 The saved value is: 9223372016900013042
INFO     utilities.base_code:base_code.py:102 The status code is: 200
INFO     utilities.base_code:base_code.py:96 The saved value is: 9223372016900013042
INFO     utilities.base_code:base_code.py:116 The value contains data: 9223372016900013042
INFO     utilities.base_code:base_code.py:110 The expected value is: 32, and got the value of: 32
INFO     utilities.base_code:base_code.py:110 The expected value is: 100, and got the value of: 100
